  Animation.c
  AnimationState.c
  AnimationStateData.c
  Array.c
  Atlas.c
  AtlasAttachmentLoader.c
  Attachment.c
  AttachmentLoader.c
  Bone.c
  BoneData.c
  BoundingBoxAttachment.c
  ClippingAttachment.c
  Color.c
  Event.c
  EventData.c
  extension.c
  IkConstraint.c
  IkConstraintData.c
  Json.c
  MeshAttachment.c
  PathAttachment.c
  PathConstraint.c
  PathConstraintData.c
  PointAttachment.c
  RegionAttachment.c
  Skeleton.c
  SkeletonBinary.c
  SkeletonBounds.c
  SkeletonClipping.c
  SkeletonData.c
  SkeletonJson.c
  Skin.c
  Slot.c
  SlotData.c
  TransformConstraint.c
  TransformConstraintData.c
  Triangulator.c
  VertexAttachment.c
  VertexEffect.c
C:\Users\owner\Desktop\Home\KinosLab\CocosTest00\cocos2d\cocos\editor-support\spine\SkeletonBinary.c(310,24): warning C4018: '<': signed と unsigned の数値を比較しようとしました。
C:\Users\owner\Desktop\Home\KinosLab\CocosTest00\cocos2d\cocos\editor-support\spine\SkeletonBinary.c(372,24): warning C4018: '<': signed と unsigned の数値を比較しようとしました。
C:\Users\owner\Desktop\Home\KinosLab\CocosTest00\cocos2d\cocos\editor-support\spine\SkeletonBinary.c(484,26): warning C4018: '<': signed と unsigned の数値を比較しようとしました。
C:\Users\owner\Desktop\Home\KinosLab\CocosTest00\cocos2d\cocos\editor-support\spine\SkeletonBinary.c(649,2): warning C4018: '<': signed と unsigned の数値を比較しようとしました。
C:\Users\owner\Desktop\Home\KinosLab\CocosTest00\cocos2d\cocos\editor-support\spine\SkeletonJson.c(97,12): warning C4018: '>=': signed と unsigned の数値を比較しようとしました。
C:\Users\owner\Desktop\Home\KinosLab\CocosTest00\cocos2d\cocos\editor-support\spine\SkeletonBinary.c(652,2): warning C4018: '<': signed と unsigned の数値を比較しようとしました。
  AttachmentVertices.cpp
  Cocos2dAttachmentLoader.cpp
  SkeletonAnimation.cpp
  SkeletonBatch.cpp
  SkeletonRenderer.cpp
  SkeletonTwoColorBatch.cpp
  spine-cocos2dx.cpp
C:\Users\owner\Desktop\Home\KinosLab\CocosTest00\cocos2d\cocos\base\ccUTF8.h(1,1): warning C4819: ファイルは、現在のコード ページ (932) で表示できない文字を含んでいます。データの損失を防ぐために、ファイルを Unicode 形式で保存してください。
C:\Users\owner\Desktop\Home\KinosLab\CocosTest00\cocos2d\cocos\base\ccUTF8.h(1,1): warning C4819: ファイルは、現在のコード ページ (932) で表示できない文字を含んでいます。データの損失を防ぐために、ファイルを Unicode 形式で保存してください。
C:\Users\owner\Desktop\Home\KinosLab\CocosTest00\cocos2d\cocos\base\ccUTF8.h(1,1): warning C4819: ファイルは、現在のコード ページ (932) で表示できない文字を含んでいます。データの損失を防ぐために、ファイルを Unicode 形式で保存してください。
C:\Users\owner\Desktop\Home\KinosLab\CocosTest00\cocos2d\cocos\base\ccUTF8.h(1,1): warning C4819: ファイルは、現在のコード ページ (932) で表示できない文字を含んでいます。データの損失を防ぐために、ファイルを Unicode 形式で保存してください。
C:\Users\owner\Desktop\Home\KinosLab\CocosTest00\cocos2d\cocos\base\ccUTF8.h(1,1): warning C4819: ファイルは、現在のコード ページ (932) で表示できない文字を含んでいます。データの損失を防ぐために、ファイルを Unicode 形式で保存してください。
C:\Users\owner\Desktop\Home\KinosLab\CocosTest00\cocos2d\cocos\base\ccUTF8.h(1,1): warning C4819: ファイルは、現在のコード ページ (932) で表示できない文字を含んでいます。データの損失を防ぐために、ファイルを Unicode 形式で保存してください。
C:\Users\owner\Desktop\Home\KinosLab\CocosTest00\cocos2d\cocos\base\ccUTF8.h(1,1): warning C4819: ファイルは、現在のコード ページ (932) で表示できない文字を含んでいます。データの損失を防ぐために、ファイルを Unicode 形式で保存してください。
C:\Users\owner\Desktop\Home\KinosLab\CocosTest00\cocos2d\cocos\platform\CCSAXParser.h(1,1): warning C4819: ファイルは、現在のコード ページ (932) で表示できない文字を含んでいます。データの損失を防ぐために、ファイルを Unicode 形式で保存してください。
C:\Users\owner\Desktop\Home\KinosLab\CocosTest00\cocos2d\cocos\platform\CCSAXParser.h(1,1): warning C4819: ファイルは、現在のコード ページ (932) で表示できない文字を含んでいます。データの損失を防ぐために、ファイルを Unicode 形式で保存してください。
C:\Users\owner\Desktop\Home\KinosLab\CocosTest00\cocos2d\cocos\platform\CCSAXParser.h(1,1): warning C4819: ファイルは、現在のコード ページ (932) で表示できない文字を含んでいます。データの損失を防ぐために、ファイルを Unicode 形式で保存してください。
C:\Users\owner\Desktop\Home\KinosLab\CocosTest00\cocos2d\cocos\platform\CCSAXParser.h(1,1): warning C4819: ファイルは、現在のコード ページ (932) で表示できない文字を含んでいます。データの損失を防ぐために、ファイルを Unicode 形式で保存してください。
C:\Users\owner\Desktop\Home\KinosLab\CocosTest00\cocos2d\cocos\platform\CCSAXParser.h(1,1): warning C4819: ファイルは、現在のコード ページ (932) で表示できない文字を含んでいます。データの損失を防ぐために、ファイルを Unicode 形式で保存してください。
C:\Users\owner\Desktop\Home\KinosLab\CocosTest00\cocos2d\cocos\platform\CCSAXParser.h(1,1): warning C4819: ファイルは、現在のコード ページ (932) で表示できない文字を含んでいます。データの損失を防ぐために、ファイルを Unicode 形式で保存してください。
C:\Users\owner\Desktop\Home\KinosLab\CocosTest00\cocos2d\cocos\platform\CCSAXParser.h(1,1): warning C4819: ファイルは、現在のコード ページ (932) で表示できない文字を含んでいます。データの損失を防ぐために、ファイルを Unicode 形式で保存してください。
C:\Users\owner\Desktop\Home\KinosLab\CocosTest00\cocos2d\cocos\editor-support\spine\SkeletonBatch.cpp(110,42): warning C4018: '<': signed と unsigned の数値を比較しようとしました。
C:\Users\owner\Desktop\Home\KinosLab\CocosTest00\cocos2d\cocos\editor-support\spine\SkeletonTwoColorBatch.cpp(237,42): warning C4018: '<': signed と unsigned の数値を比較しようとしました。
C:\Users\owner\Desktop\Home\KinosLab\CocosTest00\cocos2d\cocos\editor-support\spine\SkeletonTwoColorBatch.cpp(274,37): warning C4018: '<': signed と unsigned の数値を比較しようとしました。
  libSpine.vcxproj -> C:\Users\owner\Desktop\Home\KinosLab\CocosTest00\proj.win32\Debug.win32\libSpine.lib
